KnockApp-master/openCVLibrary300/build/outputs/logs/manifest-merger-debug-report.txt
-- Merging decision tree log ---
manifest
ADDED from KnockApp-master\openCVLibrary300\AndroidManifest.xml:2:1-6:12
INJECTED from KnockApp-master\openCVLibrary300\AndroidManifest.xml:2:1-6:12
INJECTED from KnockApp-master\openCVLibrary300\AndroidManifest.xml:2:1-6:12
INJECTED from KnockApp-master\openCVLibrary300\AndroidManifest.xml:2:1-6:12
INJECTED from KnockApp-master\openCVLibrary300\AndroidManifest.xml:2:1-6:12
INJECTED from KnockApp-master\openCVLibrary300\AndroidManifest.xml:2:1-6:12
INJECTED from KnockApp-master\openCVLibrary300\AndroidManifest.xml:2:1-6:12
	package
		ADDED from KnockApp-master\openCVLibrary300\AndroidManifest.xml:3:7-27
		INJECTED from KnockApp-master\openCVLibrary300\AndroidManifest.xml
		INJECTED from KnockApp-master\openCVLibrary300\AndroidManifest.xml
	android:versionName
		ADDED from KnockApp-master\openCVLibrary300\AndroidManifest.xml:5:7-34
		INJECTED from KnockApp-master\openCVLibrary300\AndroidManifest.xml
		INJECTED from KnockApp-master\openCVLibrary300\AndroidManifest.xml
	xmlns:android
		ADDED from KnockApp-master\openCVLibrary300\AndroidManifest.xml:2:11-69
	android:versionCode
		ADDED from KnockApp-master\openCVLibrary300\AndroidManifest.xml:4:7-33
		INJECTED from KnockApp-master\openCVLibrary300\AndroidManifest.xml
		INJECTED from KnockApp-master\openCVLibrary300\AndroidManifest.xml
uses-sdk
INJECTED from KnockApp-master\openCVLibrary300\AndroidManifest.xml reason: use-sdk injection requested
INJECTED from KnockApp-master\openCVLibrary300\AndroidManifest.xml
INJECTED from KnockApp-master\openCVLibrary300\AndroidManifest.xml
INJECTED from KnockApp-master\openCVLibrary300\AndroidManifest.xml
INJECTED from KnockApp-master\openCVLibrary300\AndroidManifest.xml
	android:targetSdkVersion
		INJECTED from KnockApp-master\openCVLibrary300\AndroidManifest.xml
		ADDED from KnockApp-master\openCVLibrary300\AndroidManifest.xml
		INJECTED from KnockApp-master\openCVLibrary300\AndroidManifest.xml
	android:minSdkVersion
		INJECTED from KnockApp-master\openCVLibrary300\AndroidManifest.xml
		ADDED from KnockApp-master\openCVLibrary300\AndroidManifest.xml
		INJECTED from KnockApp-master\openCVLibrary300\AndroidManifest.xml